mode: atomic
PLANEXA_backend/handlers/handlers.go:20.28,28.16 7 2
PLANEXA_backend/handlers/handlers.go:33.2,33.41 1 2
PLANEXA_backend/handlers/handlers.go:47.2,48.8 2 1
PLANEXA_backend/handlers/handlers.go:28.16,31.3 2 0
PLANEXA_backend/handlers/handlers.go:33.41,34.39 1 6
PLANEXA_backend/handlers/handlers.go:34.39,35.40 1 1
PLANEXA_backend/handlers/handlers.go:35.40,41.5 5 1
PLANEXA_backend/handlers/handlers.go:41.10,42.10 1 0
PLANEXA_backend/handlers/handlers.go:51.31,59.16 7 3
PLANEXA_backend/handlers/handlers.go:63.2,64.16 2 3
PLANEXA_backend/handlers/handlers.go:69.2,69.41 1 2
PLANEXA_backend/handlers/handlers.go:75.2,81.8 7 1
PLANEXA_backend/handlers/handlers.go:59.16,62.3 2 0
PLANEXA_backend/handlers/handlers.go:64.16,67.3 2 1
PLANEXA_backend/handlers/handlers.go:69.41,70.39 1 4
PLANEXA_backend/handlers/handlers.go:70.39,73.4 2 1
PLANEXA_backend/handlers/handlers.go:84.32,89.16 4 2
PLANEXA_backend/handlers/handlers.go:94.2,94.42 1 2
PLANEXA_backend/handlers/handlers.go:100.2,101.8 2 1
PLANEXA_backend/handlers/handlers.go:89.16,92.3 2 0
PLANEXA_backend/handlers/handlers.go:94.42,95.32 1 5
PLANEXA_backend/handlers/handlers.go:95.32,98.4 2 1
PLANEXA_backend/handlers/handlers.go:104.29,108.16 4 0
PLANEXA_backend/handlers/handlers.go:112.2,112.42 1 0
PLANEXA_backend/handlers/handlers.go:120.2,120.123 1 0
PLANEXA_backend/handlers/handlers.go:108.16,110.3 1 0
PLANEXA_backend/handlers/handlers.go:112.42,113.32 1 0
PLANEXA_backend/handlers/handlers.go:113.32,118.4 4 0
PLANEXA_backend/handlers/handlers.go:123.36,125.2 1 2
